Using pre-set license
Built from '2020.3/staging' branch; Version is '2020.3.9f1 (108be757e447) revision 1084391'; Using compiler version '192528614'; Build Type 'Release'
OS: 'Windows 10 Home Single Language; OS build 22621.963; Version 2009; 64bit' Language: 'en' Physical Memory: 7893 MB
BatchMode: 1, IsHumanControllingUs: 0, StartBugReporterOnCrash: 0, Is64bit: 1, IsPro: 0

 COMMAND LINE ARGUMENTS:
C:\Program Files\Unity\Editor\Unity.exe
-adb2
-batchMode
-noUpm
-name
AssetImportWorker0
-projectPath
C:/Users/ayanm/OneDrive/Desktop/Retr0 - HelloWorld Project/Retr0 - ZEPETOScript Project
-logFile
Logs/AssetImportWorker0.log
-srvPort
49869
Successfully changed project path to: C:/Users/ayanm/OneDrive/Desktop/Retr0 - HelloWorld Project/Retr0 - ZEPETOScript Project
C:/Users/ayanm/OneDrive/Desktop/Retr0 - HelloWorld Project/Retr0 - ZEPETOScript Project
Using Asset Import Pipeline V2.
Refreshing native plugins compatible for Editor in 97.19 ms, found 4 plugins.
Preloading 0 native plugins for Editor in 0.00 ms.
Initialize engine version: 2020.3.9f1 (108be757e447)
[Subsystems] Discovering subsystems at path C:/Program Files/Unity/Editor/Data/Resources/UnitySubsystems
[Subsystems] Discovering subsystems at path C:/Users/ayanm/OneDrive/Desktop/Retr0 - HelloWorld Project/Retr0 - ZEPETOScript Project/Assets
GfxDevice: creating device client; threaded=0
Direct3D:
    Version:  Direct3D 11.0 [level 11.1]
    Renderer: NVIDIA GeForce RTX 3050 Laptop GPU (ID=0x25a2)
    Vendor:   
    VRAM:     3979 MB
    Driver:   31.0.15.2756
Initialize mono
Mono path[0] = 'C:/Program Files/Unity/Editor/Data/Managed'
Mono path[1] = 'C:/Program Files/Unity/Editor/Data/MonoBleedingEdge/lib/mono/unityjit'
Mono config path = 'C:/Program Files/Unity/Editor/Data/MonoBleedingEdge/etc'
Using monoOptions --debugger-agent=transport=dt_socket,embedding=1,server=y,suspend=n,address=127.0.0.1:56788
Begin MonoManager ReloadAssembly
Registering precompiled unity dll's ...
Register platform support module: C:/Program Files/Unity/Editor/Data/PlaybackEngines/WindowsStandaloneSupport/UnityEditor.WindowsStandalone.Extensions.dll
Registered in 0.000969 seconds.
Native extension for WindowsStandalone target not found
Refreshing native plugins compatible for Editor in 34.20 ms, found 4 plugins.
Preloading 0 native plugins for Editor in 0.00 ms.
Mono: successfully reloaded assembly
- Completed reload, in  1.724 seconds
Platform modules already initialized, skipping
Registering precompiled user dll's ...
Registered in 0.022114 seconds.
Begin MonoManager ReloadAssembly
Native extension for WindowsStandalone target not found
Refreshing native plugins compatible for Editor in 34.73 ms, found 4 plugins.
Preloading 0 native plugins for Editor in 0.00 ms.
System.NullReferenceException: Object reference not set to an instance of an object
  at ZEPETO.World.Editor.WorldEditorSettings.IsZaizai () [0x00014] in <6925c5d79585440db34f9ddf9d7d619d>:0 
  at ZEPETO.World.Editor.WorldEditorSettings.SelectDevelopment () [0x00000] in <6925c5d79585440db34f9ddf9d7d619d>:0 
  at ZEPETO.World.Editor.WorldEditorSettings.get_Development () [0x0000d] in <6925c5d79585440db34f9ddf9d7d619d>:0 
  at ZEPETO.World.Editor.WorldEditorSettings.get_BuiltinSettings () [0x00000] in <6925c5d79585440db34f9ddf9d7d619d>:0 
  at ZEPETO.World.Editor.WorldEditorSettings.get_ActiveSetting () [0x00023] in <6925c5d79585440db34f9ddf9d7d619d>:0 
  at ZEPETO.World.Common.APIHostEditor..ctor () [0x00006] in <1a219a6a8cd249cba8ce1420b658e55e>:0 
  at ZEPETO.World.Common.APIHostInitializer..cctor () [0x00000] in <1a219a6a8cd249cba8ce1420b658e55e>:0 
UnityEngine.StackTraceUtility:ExtractStackTrace ()
UnityEngine.DebugLogHandler:LogFormat (UnityEngine.LogType,UnityEngine.Object,string,object[])
UnityEngine.Logger:Log (UnityEngine.LogType,object)
UnityEngine.Debug:LogError (object)
UnityEditor.EditorAssemblies:ProcessInitializeOnLoadAttributes (System.Type[])

NullReferenceException: Object reference not set to an instance of an object
  at ZEPETO.World.Editor.WorldEditorSettings.IsZaizai () [0x00014] in <6925c5d79585440db34f9ddf9d7d619d>:0 
  at ZEPETO.World.Editor.WorldEditorSettings.SelectDevelopment () [0x00000] in <6925c5d79585440db34f9ddf9d7d619d>:0 
  at ZEPETO.World.Editor.WorldEditorSettings.get_Development () [0x0000d] in <6925c5d79585440db34f9ddf9d7d619d>:0 
  at ZEPETO.World.Editor.WorldEditorSettings.get_BuiltinSettings () [0x00000] in <6925c5d79585440db34f9ddf9d7d619d>:0 
  at ZEPETO.World.Editor.WorldEditorSettings.get_ActiveSetting () [0x00023] in <6925c5d79585440db34f9ddf9d7d619d>:0 
  at ZEPETO.World.Editor.WorldEnvironmentInitializer.MultiplaySettingInitialize () [0x00000] in <b7e804905f82492689de926bcbeea70f>:0 
  at ZEPETO.World.Editor.WorldEnvironmentInitializer.InitializeOnLoadMethod () [0x00033] in <b7e804905f82492689de926bcbeea70f>:0 

NullReferenceException: Object reference not set to an instance of an object
  at ZEPETO.World.Editor.WorldEditorSettings.IsZaizai () [0x00014] in <6925c5d79585440db34f9ddf9d7d619d>:0 
  at ZEPETO.World.Editor.WorldEditorSettings.SelectDevelopment () [0x00000] in <6925c5d79585440db34f9ddf9d7d619d>:0 
  at ZEPETO.World.Editor.WorldEditorSettings.get_Development () [0x0000d] in <6925c5d79585440db34f9ddf9d7d619d>:0 
  at ZEPETO.World.Editor.WorldEditorSettings.get_BuiltinSettings () [0x00000] in <6925c5d79585440db34f9ddf9d7d619d>:0 
  at ZEPETO.World.Editor.WorldEditorSettings.get_ActiveSetting () [0x00023] in <6925c5d79585440db34f9ddf9d7d619d>:0 
  at ZEPETO.World.Editor.ForbiddenTypes.LoadForbiddenTypes () [0x0000a] in <b7e804905f82492689de926bcbeea70f>:0 
  at ZEPETO.World.Editor.ForbiddenTypes.Initialize () [0x00047] in <b7e804905f82492689de926bcbeea70f>:0 

NullReferenceException: Object reference not set to an instance of an object
  at ZEPETO.World.Editor.WorldPackageEditorUtils.GetDeserializedWorldPackageInfo () [0x00014] in <b7e804905f82492689de926bcbeea70f>:0 
  at ZEPETO.World.Editor.WorldPackageEditorUtils.GetFieldValue[T] (System.String field) [0x00000] in <b7e804905f82492689de926bcbeea70f>:0 
  at ZEPETO.World.Editor.WorldPackageEditorUtils.get_ZepetoMinVersion () [0x00000] in <b7e804905f82492689de926bcbeea70f>:0 
  at ZEPETO.World.Editor.Editor.WorldEditorInitializer.EditorInitializer () [0x00000] in <b7e804905f82492689de926bcbeea70f>:0 

Mono: successfully reloaded assembly
- Completed reload, in  0.908 seconds
Platform modules already initialized, skipping
========================================================================
Worker process is ready to serve import requests
Launched and connected shader compiler UnityShaderCompiler.exe after 0.06 seconds
Refreshing native plugins compatible for Editor in 0.66 ms, found 4 plugins.
Preloading 0 native plugins for Editor in 0.00 ms.
Unloading 1894 Unused Serialized files (Serialized files now loaded: 0)
System memory in use before: 94.0 MB.
System memory in use after: 94.1 MB.

Unloading 80 unused Assets to reduce memory usage. Loaded Objects now: 2423.
Total: 2.518900 ms (FindLiveObjects: 0.172500 ms CreateObjectMapping: 0.051900 ms MarkObjects: 2.214500 ms  DeleteObjects: 0.079200 ms)

AssetImportWorkerClient::OnTransportError - code=2 error=End of file
