Using pre-set license
Built from '2020.3/staging' branch; Version is '2020.3.9f1 (108be757e447) revision 1084391'; Using compiler version '192528614'; Build Type 'Release'
OS: 'Windows 10 Home Single Language; OS build 22621.963; Version 2009; 64bit' Language: 'en' Physical Memory: 7893 MB
BatchMode: 1, IsHumanControllingUs: 0, StartBugReporterOnCrash: 0, Is64bit: 1, IsPro: 0

 COMMAND LINE ARGUMENTS:
C:\Program Files\Unity\Editor\Unity.exe
-adb2
-batchMode
-noUpm
-name
AssetImportWorker0
-projectPath
C:/Users/ayanm/OneDrive/Desktop/Retr0 - HelloWorld Project/Retr0 - BuildingWorld Project
-logFile
Logs/AssetImportWorker0.log
-srvPort
52816
Successfully changed project path to: C:/Users/ayanm/OneDrive/Desktop/Retr0 - HelloWorld Project/Retr0 - BuildingWorld Project
C:/Users/ayanm/OneDrive/Desktop/Retr0 - HelloWorld Project/Retr0 - BuildingWorld Project
Using Asset Import Pipeline V2.
Refreshing native plugins compatible for Editor in 41.79 ms, found 4 plugins.
Preloading 0 native plugins for Editor in 0.00 ms.
Initialize engine version: 2020.3.9f1 (108be757e447)
[Subsystems] Discovering subsystems at path C:/Program Files/Unity/Editor/Data/Resources/UnitySubsystems
[Subsystems] Discovering subsystems at path C:/Users/ayanm/OneDrive/Desktop/Retr0 - HelloWorld Project/Retr0 - BuildingWorld Project/Assets
GfxDevice: creating device client; threaded=0
Direct3D:
    Version:  Direct3D 11.0 [level 11.1]
    Renderer: NVIDIA GeForce RTX 3050 Laptop GPU (ID=0x25a2)
    Vendor:   
    VRAM:     3979 MB
    Driver:   31.0.15.2756
Initialize mono
Mono path[0] = 'C:/Program Files/Unity/Editor/Data/Managed'
Mono path[1] = 'C:/Program Files/Unity/Editor/Data/MonoBleedingEdge/lib/mono/unityjit'
Mono config path = 'C:/Program Files/Unity/Editor/Data/MonoBleedingEdge/etc'
Using monoOptions --debugger-agent=transport=dt_socket,embedding=1,server=y,suspend=n,address=127.0.0.1:56356
Begin MonoManager ReloadAssembly
Registering precompiled unity dll's ...
Register platform support module: C:/Program Files/Unity/Editor/Data/PlaybackEngines/WindowsStandaloneSupport/UnityEditor.WindowsStandalone.Extensions.dll
Registered in 0.001034 seconds.
Native extension for WindowsStandalone target not found
Refreshing native plugins compatible for Editor in 36.31 ms, found 4 plugins.
Preloading 0 native plugins for Editor in 0.00 ms.
Mono: successfully reloaded assembly
- Completed reload, in  0.697 seconds
Platform modules already initialized, skipping
Registering precompiled user dll's ...
Registered in 0.018408 seconds.
Begin MonoManager ReloadAssembly
Native extension for WindowsStandalone target not found
Refreshing native plugins compatible for Editor in 58.17 ms, found 4 plugins.
Preloading 0 native plugins for Editor in 0.00 ms.
System.NullReferenceException: Object reference not set to an instance of an object
  at ZEPETO.World.Editor.WorldEditorSettings.IsZaizai () [0x00014] in <6925c5d79585440db34f9ddf9d7d619d>:0 
  at ZEPETO.World.Editor.WorldEditorSettings.SelectDevelopment () [0x00000] in <6925c5d79585440db34f9ddf9d7d619d>:0 
  at ZEPETO.World.Editor.WorldEditorSettings.get_Development () [0x0000d] in <6925c5d79585440db34f9ddf9d7d619d>:0 
  at ZEPETO.World.Editor.WorldEditorSettings.get_BuiltinSettings () [0x00000] in <6925c5d79585440db34f9ddf9d7d619d>:0 
  at ZEPETO.World.Editor.WorldEditorSettings.get_ActiveSetting () [0x00023] in <6925c5d79585440db34f9ddf9d7d619d>:0 
  at ZEPETO.World.Common.APIHostEditor..ctor () [0x00006] in <1a219a6a8cd249cba8ce1420b658e55e>:0 
  at ZEPETO.World.Common.APIHostInitializer..cctor () [0x00000] in <1a219a6a8cd249cba8ce1420b658e55e>:0 
UnityEngine.StackTraceUtility:ExtractStackTrace ()
UnityEngine.DebugLogHandler:LogFormat (UnityEngine.LogType,UnityEngine.Object,string,object[])
UnityEngine.Logger:Log (UnityEngine.LogType,object)
UnityEngine.Debug:LogError (object)
UnityEditor.EditorAssemblies:ProcessInitializeOnLoadAttributes (System.Type[])

NullReferenceException: Object reference not set to an instance of an object
  at ZEPETO.World.Editor.WorldEditorSettings.IsZaizai () [0x00014] in <6925c5d79585440db34f9ddf9d7d619d>:0 
  at ZEPETO.World.Editor.WorldEditorSettings.SelectDevelopment () [0x00000] in <6925c5d79585440db34f9ddf9d7d619d>:0 
  at ZEPETO.World.Editor.WorldEditorSettings.get_Development () [0x0000d] in <6925c5d79585440db34f9ddf9d7d619d>:0 
  at ZEPETO.World.Editor.WorldEditorSettings.get_BuiltinSettings () [0x00000] in <6925c5d79585440db34f9ddf9d7d619d>:0 
  at ZEPETO.World.Editor.WorldEditorSettings.get_ActiveSetting () [0x00023] in <6925c5d79585440db34f9ddf9d7d619d>:0 
  at ZEPETO.World.Editor.WorldEnvironmentInitializer.MultiplaySettingInitialize () [0x00000] in <b7e804905f82492689de926bcbeea70f>:0 
  at ZEPETO.World.Editor.WorldEnvironmentInitializer.InitializeOnLoadMethod () [0x00033] in <b7e804905f82492689de926bcbeea70f>:0 

NullReferenceException: Object reference not set to an instance of an object
  at ZEPETO.World.Editor.WorldEditorSettings.IsZaizai () [0x00014] in <6925c5d79585440db34f9ddf9d7d619d>:0 
  at ZEPETO.World.Editor.WorldEditorSettings.SelectDevelopment () [0x00000] in <6925c5d79585440db34f9ddf9d7d619d>:0 
  at ZEPETO.World.Editor.WorldEditorSettings.get_Development () [0x0000d] in <6925c5d79585440db34f9ddf9d7d619d>:0 
  at ZEPETO.World.Editor.WorldEditorSettings.get_BuiltinSettings () [0x00000] in <6925c5d79585440db34f9ddf9d7d619d>:0 
  at ZEPETO.World.Editor.WorldEditorSettings.get_ActiveSetting () [0x00023] in <6925c5d79585440db34f9ddf9d7d619d>:0 
  at ZEPETO.World.Editor.ForbiddenTypes.LoadForbiddenTypes () [0x0000a] in <b7e804905f82492689de926bcbeea70f>:0 
  at ZEPETO.World.Editor.ForbiddenTypes.Initialize () [0x00047] in <b7e804905f82492689de926bcbeea70f>:0 

NullReferenceException: Object reference not set to an instance of an object
  at ZEPETO.World.Editor.WorldPackageEditorUtils.GetDeserializedWorldPackageInfo () [0x00014] in <b7e804905f82492689de926bcbeea70f>:0 
  at ZEPETO.World.Editor.WorldPackageEditorUtils.GetFieldValue[T] (System.String field) [0x00000] in <b7e804905f82492689de926bcbeea70f>:0 
  at ZEPETO.World.Editor.WorldPackageEditorUtils.get_ZepetoMinVersion () [0x00000] in <b7e804905f82492689de926bcbeea70f>:0 
  at ZEPETO.World.Editor.Editor.WorldEditorInitializer.EditorInitializer () [0x00000] in <b7e804905f82492689de926bcbeea70f>:0 

Mono: successfully reloaded assembly
- Completed reload, in  0.861 seconds
Platform modules already initialized, skipping
========================================================================
Worker process is ready to serve import requests
Launched and connected shader compiler UnityShaderCompiler.exe after 0.03 seconds
Refreshing native plugins compatible for Editor in 0.63 ms, found 4 plugins.
Preloading 0 native plugins for Editor in 0.00 ms.
Unloading 1894 Unused Serialized files (Serialized files now loaded: 0)
System memory in use before: 94.0 MB.
System memory in use after: 94.1 MB.

Unloading 80 unused Assets to reduce memory usage. Loaded Objects now: 2423.
Total: 1.680100 ms (FindLiveObjects: 0.132100 ms CreateObjectMapping: 0.031300 ms MarkObjects: 1.419400 ms  DeleteObjects: 0.096000 ms)

========================================================================
Received Import Request.
  path: Assets/SampleScript.ts
  artifactKey: Guid(3d25bf9424e714998970af8697d33163) Importer(815301076,1909f56bfc062723c751e8b465ee728b)
Start importing Assets/SampleScript.ts using Guid(3d25bf9424e714998970af8697d33163) Importer(815301076,1909f56bfc062723c751e8b465ee728b)  -> (artifact id: '34a11b5d1788518365ee7ab2641aae17') in 0.029079 seconds
  Import took 0.031974 seconds .

========================================================================
Received Prepare
Registering precompiled user dll's ...
Registered in 0.013930 seconds.
Begin MonoManager ReloadAssembly
Native extension for WindowsStandalone target not found
Refreshing native plugins compatible for Editor in 0.64 ms, found 4 plugins.
Preloading 0 native plugins for Editor in 0.00 ms.
System.NullReferenceException: Object reference not set to an instance of an object
  at ZEPETO.World.Editor.WorldEditorSettings.IsZaizai () [0x00014] in <6925c5d79585440db34f9ddf9d7d619d>:0 
  at ZEPETO.World.Editor.WorldEditorSettings.SelectDevelopment () [0x00000] in <6925c5d79585440db34f9ddf9d7d619d>:0 
  at ZEPETO.World.Editor.WorldEditorSettings.get_Development () [0x0000d] in <6925c5d79585440db34f9ddf9d7d619d>:0 
  at ZEPETO.World.Editor.WorldEditorSettings.get_BuiltinSettings () [0x00000] in <6925c5d79585440db34f9ddf9d7d619d>:0 
  at ZEPETO.World.Editor.WorldEditorSettings.get_ActiveSetting () [0x00023] in <6925c5d79585440db34f9ddf9d7d619d>:0 
  at ZEPETO.World.Common.APIHostEditor..ctor () [0x00006] in <1a219a6a8cd249cba8ce1420b658e55e>:0 
  at ZEPETO.World.Common.APIHostInitializer..cctor () [0x00000] in <1a219a6a8cd249cba8ce1420b658e55e>:0 
UnityEngine.StackTraceUtility:ExtractStackTrace ()
UnityEngine.DebugLogHandler:LogFormat (UnityEngine.LogType,UnityEngine.Object,string,object[])
UnityEngine.Logger:Log (UnityEngine.LogType,object)
UnityEngine.Debug:LogError (object)
UnityEditor.EditorAssemblies:ProcessInitializeOnLoadAttributes (System.Type[])

NullReferenceException: Object reference not set to an instance of an object
  at ZEPETO.World.Editor.WorldEditorSettings.IsZaizai () [0x00014] in <6925c5d79585440db34f9ddf9d7d619d>:0 
  at ZEPETO.World.Editor.WorldEditorSettings.SelectDevelopment () [0x00000] in <6925c5d79585440db34f9ddf9d7d619d>:0 
  at ZEPETO.World.Editor.WorldEditorSettings.get_Development () [0x0000d] in <6925c5d79585440db34f9ddf9d7d619d>:0 
  at ZEPETO.World.Editor.WorldEditorSettings.get_BuiltinSettings () [0x00000] in <6925c5d79585440db34f9ddf9d7d619d>:0 
  at ZEPETO.World.Editor.WorldEditorSettings.get_ActiveSetting () [0x00023] in <6925c5d79585440db34f9ddf9d7d619d>:0 
  at ZEPETO.World.Editor.WorldEnvironmentInitializer.MultiplaySettingInitialize () [0x00000] in <b7e804905f82492689de926bcbeea70f>:0 
  at ZEPETO.World.Editor.WorldEnvironmentInitializer.InitializeOnLoadMethod () [0x00033] in <b7e804905f82492689de926bcbeea70f>:0 

NullReferenceException: Object reference not set to an instance of an object
  at ZEPETO.World.Editor.WorldEditorSettings.IsZaizai () [0x00014] in <6925c5d79585440db34f9ddf9d7d619d>:0 
  at ZEPETO.World.Editor.WorldEditorSettings.SelectDevelopment () [0x00000] in <6925c5d79585440db34f9ddf9d7d619d>:0 
  at ZEPETO.World.Editor.WorldEditorSettings.get_Development () [0x0000d] in <6925c5d79585440db34f9ddf9d7d619d>:0 
  at ZEPETO.World.Editor.WorldEditorSettings.get_BuiltinSettings () [0x00000] in <6925c5d79585440db34f9ddf9d7d619d>:0 
  at ZEPETO.World.Editor.WorldEditorSettings.get_ActiveSetting () [0x00023] in <6925c5d79585440db34f9ddf9d7d619d>:0 
  at ZEPETO.World.Editor.ForbiddenTypes.LoadForbiddenTypes () [0x0000a] in <b7e804905f82492689de926bcbeea70f>:0 
  at ZEPETO.World.Editor.ForbiddenTypes.Initialize () [0x00047] in <b7e804905f82492689de926bcbeea70f>:0 

NullReferenceException: Object reference not set to an instance of an object
  at ZEPETO.World.Editor.WorldPackageEditorUtils.GetDeserializedWorldPackageInfo () [0x00014] in <b7e804905f82492689de926bcbeea70f>:0 
  at ZEPETO.World.Editor.WorldPackageEditorUtils.GetFieldValue[T] (System.String field) [0x00000] in <b7e804905f82492689de926bcbeea70f>:0 
  at ZEPETO.World.Editor.WorldPackageEditorUtils.get_ZepetoMinVersion () [0x00000] in <b7e804905f82492689de926bcbeea70f>:0 
  at ZEPETO.World.Editor.Editor.WorldEditorInitializer.EditorInitializer () [0x00000] in <b7e804905f82492689de926bcbeea70f>:0 

Mono: successfully reloaded assembly
- Completed reload, in  0.693 seconds
Platform modules already initialized, skipping
Refreshing native plugins compatible for Editor in 0.63 ms, found 4 plugins.
Preloading 0 native plugins for Editor in 0.00 ms.
Unloading 1841 Unused Serialized files (Serialized files now loaded: 0)
System memory in use before: 89.4 MB.
System memory in use after: 89.5 MB.

Unloading 73 unused Assets to reduce memory usage. Loaded Objects now: 2427.
Total: 1.500800 ms (FindLiveObjects: 0.143700 ms CreateObjectMapping: 0.030300 ms MarkObjects: 1.294300 ms  DeleteObjects: 0.031400 ms)

